This file contains any messages produced by compilers while
running configure, to aid debugging if configure makes a mistake.

It was created by URL Normalizer configure alpha 1.0, which was
generated by GNU Autoconf 2.61.  Invocation command line was

  $ ./configure 

## --------- ##
## Platform. ##
## --------- ##

hostname = pchome-trac
uname -m = i686
uname -r = 2.6.18-4-686
uname -s = Linux
uname -v = #1 SMP Wed May 9 23:03:12 UTC 2007

/usr/bin/uname -p = unknown
/bin/uname -X     = unknown

/bin/arch              = i686
/usr/bin/arch -k       = unknown
/usr/convex/getsysinfo = unknown
/usr/bin/hostinfo      = unknown
/bin/machine           = unknown
/usr/bin/oslevel       = unknown
/bin/universe          = unknown

PATH: /usr/local/bin
PATH: /usr/bin
PATH: /bin
PATH: /usr/bin/X11
PATH: /usr/games


## ----------- ##
## Core tests. ##
## ----------- ##

configure:1785: checking for a BSD-compatible install
configure:1841: result: /usr/bin/install -c
configure:1852: checking whether build environment is sane
configure:1895: result: yes
configure:1923: checking for a thread-safe mkdir -p
configure:1962: result: /bin/mkdir -p
configure:1975: checking for gawk
configure:1991: found /usr/bin/gawk
configure:2002: result: gawk
configure:2013: checking whether make sets $(MAKE)
configure:2034: result: yes
configure:2269: checking for ranlib
configure:2285: found /usr/bin/ranlib
configure:2296: result: ranlib
configure:2382: checking for g++
configure:2398: found /usr/bin/g++
configure:2409: result: g++
configure:2440: checking for C++ compiler version
configure:2447: g++ --version >&5
g++ (GCC) 4.1.3 20070812 (prerelease) (Debian 4.1.2-15)
Copyright (C) 2006 Free Software Foundation, Inc.
This is free software; see the source for copying conditions.  There is NO
warranty; not even for MERCHANTABILITY or FITNESS FOR A PARTICULAR PURPOSE.

configure:2450: $? = 0
configure:2457: g++ -v >&5
Using built-in specs.
Target: i486-linux-gnu
Configured with: ../src/configure -v --enable-languages=c,c++,fortran,objc,obj-c++,treelang --prefix=/usr --enable-shared --with-system-zlib --libexecdir=/usr/lib --without-included-gettext --enable-threads=posix --enable-nls --with-gxx-include-dir=/usr/include/c++/4.1.3 --program-suffix=-4.1 --enable-__cxa_atexit --enable-clocale=gnu --enable-libstdcxx-debug --enable-mpfr --enable-checking=release i486-linux-gnu
Thread model: posix
gcc version 4.1.3 20070812 (prerelease) (Debian 4.1.2-15)
configure:2460: $? = 0
configure:2467: g++ -V >&5
g++: '-V' option must have argument
configure:2470: $? = 1
configure:2493: checking for C++ compiler default output file name
configure:2520: g++    conftest.cpp  >&5
configure:2523: $? = 0
configure:2561: result: a.out
configure:2578: checking whether the C++ compiler works
configure:2588: ./a.out
configure:2591: $? = 0
configure:2608: result: yes
configure:2615: checking whether we are cross compiling
configure:2617: result: no
configure:2620: checking for suffix of executables
configure:2627: g++ -o conftest    conftest.cpp  >&5
configure:2630: $? = 0
configure:2654: result: 
configure:2660: checking for suffix of object files
configure:2686: g++ -c   conftest.cpp >&5
configure:2689: $? = 0
configure:2712: result: o
configure:2716: checking whether we are using the GNU C++ compiler
configure:2745: g++ -c   conftest.cpp >&5
configure:2751: $? = 0
configure:2768: result: yes
configure:2773: checking whether g++ accepts -g
configure:2803: g++ -c -g  conftest.cpp >&5
configure:2809: $? = 0
configure:2908: result: yes
configure:2942: checking for style of include used by make
configure:2970: result: GNU
configure:2995: checking dependency style of g++
configure:3086: result: gcc3
configure:3149: checking for gcc
configure:3165: found /usr/bin/gcc
configure:3176: result: gcc
configure:3414: checking for C compiler version
configure:3421: gcc --version >&5
gcc (GCC) 4.1.3 20070812 (prerelease) (Debian 4.1.2-15)
Copyright (C) 2006 Free Software Foundation, Inc.
This is free software; see the source for copying conditions.  There is NO
warranty; not even for MERCHANTABILITY or FITNESS FOR A PARTICULAR PURPOSE.

configure:3424: $? = 0
configure:3431: gcc -v >&5
Using built-in specs.
Target: i486-linux-gnu
Configured with: ../src/configure -v --enable-languages=c,c++,fortran,objc,obj-c++,treelang --prefix=/usr --enable-shared --with-system-zlib --libexecdir=/usr/lib --without-included-gettext --enable-threads=posix --enable-nls --with-gxx-include-dir=/usr/include/c++/4.1.3 --program-suffix=-4.1 --enable-__cxa_atexit --enable-clocale=gnu --enable-libstdcxx-debug --enable-mpfr --enable-checking=release i486-linux-gnu
Thread model: posix
gcc version 4.1.3 20070812 (prerelease) (Debian 4.1.2-15)
configure:3434: $? = 0
configure:3441: gcc -V >&5
gcc: '-V' option must have argument
configure:3444: $? = 1
configure:3447: checking whether we are using the GNU C compiler
configure:3476: gcc -c   conftest.c >&5
configure:3482: $? = 0
configure:3499: result: yes
configure:3504: checking whether gcc accepts -g
configure:3534: gcc -c -g  conftest.c >&5
configure:3540: $? = 0
configure:3639: result: yes
configure:3656: checking for gcc option to accept ISO C89
configure:3730: gcc  -c -g -O2  conftest.c >&5
configure:3736: $? = 0
configure:3759: result: none needed
configure:3779: checking dependency style of gcc
configure:3870: result: gcc3
configure:3897: checking how to run the C preprocessor
configure:3937: gcc -E  conftest.c
configure:3943: $? = 0
configure:3974: gcc -E  conftest.c
conftest.c:10:28: error: ac_nonexistent.h: No such file or directory
configure:3980: $? = 1
configure: failed program was:
| /* confdefs.h.  */
| #define PACKAGE_NAME "URL Normalizer"
| #define PACKAGE_TARNAME "url-normalizer"
| #define PACKAGE_VERSION "alpha 1.0"
| #define PACKAGE_STRING "URL Normalizer alpha 1.0"
| #define PACKAGE_BUGREPORT "jiayunye@gmail.com"
| #define PACKAGE ""
| #define VERSION "1.0"
| /* end confdefs.h.  */
| #include <ac_nonexistent.h>
configure:4013: result: gcc -E
configure:4042: gcc -E  conftest.c
configure:4048: $? = 0
configure:4079: gcc -E  conftest.c
conftest.c:10:28: error: ac_nonexistent.h: No such file or directory
configure:4085: $? = 1
configure: failed program was:
| /* confdefs.h.  */
| #define PACKAGE_NAME "URL Normalizer"
| #define PACKAGE_TARNAME "url-normalizer"
| #define PACKAGE_VERSION "alpha 1.0"
| #define PACKAGE_STRING "URL Normalizer alpha 1.0"
| #define PACKAGE_BUGREPORT "jiayunye@gmail.com"
| #define PACKAGE ""
| #define VERSION "1.0"
| /* end confdefs.h.  */
| #include <ac_nonexistent.h>
configure:4123: checking for grep that handles long lines and -e
configure:4197: result: /bin/grep
configure:4202: checking for egrep
configure:4280: result: /bin/grep -E
configure:4285: checking for ANSI C header files
configure:4315: gcc -c -g -O2  conftest.c >&5
configure:4321: $? = 0
configure:4420: gcc -o conftest -g -O2   conftest.c  >&5
configure:4423: $? = 0
configure:4429: ./conftest
configure:4432: $? = 0
configure:4449: result: yes
configure:4473: checking for sys/types.h
configure:4494: gcc -c -g -O2  conftest.c >&5
configure:4500: $? = 0
configure:4516: result: yes
configure:4473: checking for sys/stat.h
configure:4494: gcc -c -g -O2  conftest.c >&5
configure:4500: $? = 0
configure:4516: result: yes
configure:4473: checking for stdlib.h
configure:4494: gcc -c -g -O2  conftest.c >&5
configure:4500: $? = 0
configure:4516: result: yes
configure:4473: checking for string.h
configure:4494: gcc -c -g -O2  conftest.c >&5
configure:4500: $? = 0
configure:4516: result: yes
configure:4473: checking for memory.h
configure:4494: gcc -c -g -O2  conftest.c >&5
configure:4500: $? = 0
configure:4516: result: yes
configure:4473: checking for strings.h
configure:4494: gcc -c -g -O2  conftest.c >&5
configure:4500: $? = 0
configure:4516: result: yes
configure:4473: checking for inttypes.h
configure:4494: gcc -c -g -O2  conftest.c >&5
configure:4500: $? = 0
configure:4516: result: yes
configure:4473: checking for stdint.h
configure:4494: gcc -c -g -O2  conftest.c >&5
configure:4500: $? = 0
configure:4516: result: yes
configure:4473: checking for unistd.h
configure:4494: gcc -c -g -O2  conftest.c >&5
configure:4500: $? = 0
configure:4516: result: yes
configure:4528: checking for stdbool.h that conforms to C99
configure:4621: gcc -c -g -O2  conftest.c >&5
configure:4627: $? = 0
configure:4642: result: yes
configure:4644: checking for _Bool
configure:4674: gcc -c -g -O2  conftest.c >&5
configure:4680: $? = 0
configure:4695: result: yes
configure:4714: checking for size_t
configure:4744: gcc -c -g -O2  conftest.c >&5
configure:4750: $? = 0
configure:4765: result: yes
configure:4903: creating ./config.status

## ---------------------- ##
## Running config.status. ##
## ---------------------- ##

This file was extended by URL Normalizer config.status alpha 1.0, which was
generated by GNU Autoconf 2.61.  Invocation command line was

  CONFIG_FILES    = 
  CONFIG_HEADERS  = 
  CONFIG_LINKS    = 
  CONFIG_COMMANDS = 
  $ ./config.status 

on pchome-trac

config.status:642: creating Makefile
config.status:642: creating config.h
config.status:916: executing depfiles commands

## ---------------- ##
## Cache variables. ##
## ---------------- ##

ac_cv_c_compiler_gnu=yes
ac_cv_cxx_compiler_gnu=yes
ac_cv_env_CCC_set=
ac_cv_env_CCC_value=
ac_cv_env_CC_set=
ac_cv_env_CC_value=
ac_cv_env_CFLAGS_set=
ac_cv_env_CFLAGS_value=
ac_cv_env_CPPFLAGS_set=
ac_cv_env_CPPFLAGS_value=
ac_cv_env_CPP_set=
ac_cv_env_CPP_value=
ac_cv_env_CXXFLAGS_set=
ac_cv_env_CXXFLAGS_value=
ac_cv_env_CXX_set=
ac_cv_env_CXX_value=
ac_cv_env_LDFLAGS_set=
ac_cv_env_LDFLAGS_value=
ac_cv_env_LIBS_set=
ac_cv_env_LIBS_value=
ac_cv_env_build_alias_set=
ac_cv_env_build_alias_value=
ac_cv_env_host_alias_set=
ac_cv_env_host_alias_value=
ac_cv_env_target_alias_set=
ac_cv_env_target_alias_value=
ac_cv_header_inttypes_h=yes
ac_cv_header_memory_h=yes
ac_cv_header_stdbool_h=yes
ac_cv_header_stdc=yes
ac_cv_header_stdint_h=yes
ac_cv_header_stdlib_h=yes
ac_cv_header_string_h=yes
ac_cv_header_strings_h=yes
ac_cv_header_sys_stat_h=yes
ac_cv_header_sys_types_h=yes
ac_cv_header_unistd_h=yes
ac_cv_objext=o
ac_cv_path_EGREP='/bin/grep -E'
ac_cv_path_GREP=/bin/grep
ac_cv_path_install='/usr/bin/install -c'
ac_cv_path_mkdir=/bin/mkdir
ac_cv_prog_AWK=gawk
ac_cv_prog_CPP='gcc -E'
ac_cv_prog_ac_ct_CC=gcc
ac_cv_prog_ac_ct_CXX=g++
ac_cv_prog_ac_ct_RANLIB=ranlib
ac_cv_prog_cc_c89=
ac_cv_prog_cc_g=yes
ac_cv_prog_cxx_g=yes
ac_cv_prog_make_make_set=yes
ac_cv_type__Bool=yes
ac_cv_type_size_t=yes
am_cv_CC_dependencies_compiler_type=gcc3
am_cv_CXX_dependencies_compiler_type=gcc3

## ----------------- ##
## Output variables. ##
## ----------------- ##

ACLOCAL='${SHELL} /home/eric/PChome_search/urlNormalization/missing --run aclocal-1.10'
AMDEPBACKSLASH='\'
AMDEP_FALSE='#'
AMDEP_TRUE=''
AMTAR='${SHELL} /home/eric/PChome_search/urlNormalization/missing --run tar'
AUTOCONF='${SHELL} /home/eric/PChome_search/urlNormalization/missing --run autoconf'
AUTOHEADER='${SHELL} /home/eric/PChome_search/urlNormalization/missing --run autoheader'
AUTOMAKE='${SHELL} /home/eric/PChome_search/urlNormalization/missing --run automake-1.10'
AWK='gawk'
CC='gcc'
CCDEPMODE='depmode=gcc3'
CFLAGS='-g -O2'
CPP='gcc -E'
CPPFLAGS=''
CXX='g++'
CXXDEPMODE='depmode=gcc3'
CXXFLAGS='-g -O2'
CYGPATH_W='echo'
DEFS='-DHAVE_CONFIG_H'
DEPDIR='.deps'
ECHO_C=''
ECHO_N='-n'
ECHO_T=''
EGREP='/bin/grep -E'
EXEEXT=''
GREP='/bin/grep'
INSTALL_DATA='${INSTALL} -m 644'
INSTALL_PROGRAM='${INSTALL}'
INSTALL_SCRIPT='${INSTALL}'
INSTALL_STRIP_PROGRAM='$(install_sh) -c -s'
LDFLAGS=''
LIBOBJS=''
LIBS=''
LTLIBOBJS=''
MAKEINFO='${SHELL} /home/eric/PChome_search/urlNormalization/missing --run makeinfo'
OBJEXT='o'
PACKAGE=''
PACKAGE_BUGREPORT='jiayunye@gmail.com'
PACKAGE_NAME='URL Normalizer'
PACKAGE_STRING='URL Normalizer alpha 1.0'
PACKAGE_TARNAME='url-normalizer'
PACKAGE_VERSION='alpha 1.0'
PATH_SEPARATOR=':'
RANLIB='ranlib'
SET_MAKE=''
SHELL='/bin/sh'
STRIP=''
VERSION='1.0'
ac_ct_CC='gcc'
ac_ct_CXX='g++'
am__fastdepCC_FALSE='#'
am__fastdepCC_TRUE=''
am__fastdepCXX_FALSE='#'
am__fastdepCXX_TRUE=''
am__include='include'
am__isrc=''
am__leading_dot='.'
am__quote=''
am__tar='${AMTAR} chof - "$$tardir"'
am__untar='${AMTAR} xf -'
bindir='${exec_prefix}/bin'
build_alias=''
datadir='${datarootdir}'
datarootdir='${prefix}/share'
docdir='${datarootdir}/doc/${PACKAGE_TARNAME}'
dvidir='${docdir}'
exec_prefix='${prefix}'
host_alias=''
htmldir='${docdir}'
includedir='${prefix}/include'
infodir='${datarootdir}/info'
install_sh='$(SHELL) /home/eric/PChome_search/urlNormalization/install-sh'
libdir='${exec_prefix}/lib'
libexecdir='${exec_prefix}/libexec'
localedir='${datarootdir}/locale'
localstatedir='${prefix}/var'
mandir='${datarootdir}/man'
mkdir_p='/bin/mkdir -p'
oldincludedir='/usr/include'
pdfdir='${docdir}'
prefix='/usr/local'
program_transform_name='s,x,x,'
psdir='${docdir}'
sbindir='${exec_prefix}/sbin'
sharedstatedir='${prefix}/com'
sysconfdir='${prefix}/etc'
target_alias=''

## ----------- ##
## confdefs.h. ##
## ----------- ##

#define PACKAGE_NAME "URL Normalizer"
#define PACKAGE_TARNAME "url-normalizer"
#define PACKAGE_VERSION "alpha 1.0"
#define PACKAGE_STRING "URL Normalizer alpha 1.0"
#define PACKAGE_BUGREPORT "jiayunye@gmail.com"
#define PACKAGE ""
#define VERSION "1.0"
#define STDC_HEADERS 1
#define HAVE_SYS_TYPES_H 1
#define HAVE_SYS_STAT_H 1
#define HAVE_STDLIB_H 1
#define HAVE_STRING_H 1
#define HAVE_MEMORY_H 1
#define HAVE_STRINGS_H 1
#define HAVE_INTTYPES_H 1
#define HAVE_STDINT_H 1
#define HAVE_UNISTD_H 1
#define HAVE__BOOL 1
#define HAVE_STDBOOL_H 1

configure: exit 0
